<?xml version="1.0" encoding="UTF-8"?>
<coverage generated="1676517469652" clover="3.2.0">
  <project timestamp="1676517469652" name="All files">
    <metrics statements="72" coveredstatements="72" conditionals="28" coveredconditionals="28" methods="20" coveredmethods="20" elements="120" coveredelements="120" complexity="0" loc="72" ncloc="72" packages="1" files="3" classes="3"/>
    <file name="FigureCalculator.js" path="D:\yourCourse\Dicoding\Back-End\expert\AutomationTesting\MathApi\src\FigureCalculator.js">
      <metrics statements="16" coveredstatements="16" conditionals="4" coveredconditionals="4" methods="7" coveredmethods="7"/>
      <line num="3" count="14" type="stmt"/>
      <line num="7" count="32" type="cond" truecount="2" falsecount="0"/>
      <line num="8" count="13" type="stmt"/>
      <line num="11" count="19" type="stmt"/>
      <line num="12" count="29" type="cond" truecount="2" falsecount="0"/>
      <line num="13" count="11" type="stmt"/>
      <line num="17" count="8" type="stmt"/>
      <line num="21" count="8" type="stmt"/>
      <line num="23" count="2" type="stmt"/>
      <line num="27" count="8" type="stmt"/>
      <line num="29" count="2" type="stmt"/>
      <line num="33" count="8" type="stmt"/>
      <line num="35" count="2" type="stmt"/>
      <line num="39" count="8" type="stmt"/>
      <line num="41" count="2" type="stmt"/>
      <line num="45" count="2" type="stmt"/>
    </file>
    <file name="MathBasic.js" path="D:\yourCourse\Dicoding\Back-End\expert\AutomationTesting\MathApi\src\MathBasic.js">
      <metrics statements="26" coveredstatements="26" conditionals="24" coveredconditionals="24" methods="4" coveredmethods="4"/>
      <line num="1" count="3" type="stmt"/>
      <line num="3" count="17" type="cond" truecount="2" falsecount="0"/>
      <line num="4" count="4" type="stmt"/>
      <line num="7" count="13" type="stmt"/>
      <line num="9" count="13" type="cond" truecount="4" falsecount="0"/>
      <line num="10" count="3" type="stmt"/>
      <line num="13" count="10" type="stmt"/>
      <line num="17" count="11" type="cond" truecount="2" falsecount="0"/>
      <line num="18" count="4" type="stmt"/>
      <line num="21" count="7" type="stmt"/>
      <line num="23" count="7" type="cond" truecount="4" falsecount="0"/>
      <line num="24" count="3" type="stmt"/>
      <line num="27" count="4" type="stmt"/>
      <line num="31" count="17" type="cond" truecount="2" falsecount="0"/>
      <line num="32" count="4" type="stmt"/>
      <line num="35" count="13" type="stmt"/>
      <line num="37" count="13" type="cond" truecount="4" falsecount="0"/>
      <line num="38" count="3" type="stmt"/>
      <line num="41" count="10" type="stmt"/>
      <line num="44" count="13" type="cond" truecount="2" falsecount="0"/>
      <line num="45" count="4" type="stmt"/>
      <line num="48" count="9" type="stmt"/>
      <line num="50" count="9" type="cond" truecount="4" falsecount="0"/>
      <line num="51" count="3" type="stmt"/>
      <line num="54" count="6" type="stmt"/>
      <line num="58" count="3" type="stmt"/>
    </file>
    <file name="createServer.js" path="D:\yourCourse\Dicoding\Back-End\expert\AutomationTesting\MathApi\src\createServer.js">
      <metrics statements="30" coveredstatements="30" conditionals="0" coveredconditionals="0" methods="9" coveredmethods="9"/>
      <line num="1" count="1" type="stmt"/>
      <line num="3" count="1" type="stmt"/>
      <line num="4" count="8" type="stmt"/>
      <line num="9" count="8" type="stmt"/>
      <line num="14" count="1" type="stmt"/>
      <line num="15" count="1" type="stmt"/>
      <line num="17" count="1" type="stmt"/>
      <line num="26" count="1" type="stmt"/>
      <line num="27" count="1" type="stmt"/>
      <line num="29" count="1" type="stmt"/>
      <line num="38" count="1" type="stmt"/>
      <line num="39" count="1" type="stmt"/>
      <line num="41" count="1" type="stmt"/>
      <line num="50" count="1" type="stmt"/>
      <line num="51" count="1" type="stmt"/>
      <line num="53" count="1" type="stmt"/>
      <line num="62" count="1" type="stmt"/>
      <line num="63" count="1" type="stmt"/>
      <line num="65" count="1" type="stmt"/>
      <line num="74" count="1" type="stmt"/>
      <line num="75" count="1" type="stmt"/>
      <line num="77" count="1" type="stmt"/>
      <line num="86" count="1" type="stmt"/>
      <line num="87" count="1" type="stmt"/>
      <line num="89" count="1" type="stmt"/>
      <line num="98" count="1" type="stmt"/>
      <line num="99" count="1" type="stmt"/>
      <line num="101" count="1" type="stmt"/>
      <line num="108" count="8" type="stmt"/>
      <line num="111" count="1" type="stmt"/>
    </file>
  </project>
</coverage>
