{"D:\\yourCourse\\Dicoding\\Back-End\\expert\\AutomationTesting\\MathApi\\src\\FigureCalculator.js": {"path":"D:\\yourCourse\\Dicoding\\Back-End\\expert\\AutomationTesting\\MathApi\\src\\FigureCalculator.js","statementMap":{"0":{"start":{"line":3,"column":6},"end":{"line":3,"column":33}},"1":{"start":{"line":7,"column":6},"end":{"line":9,"column":7}},"2":{"start":{"line":8,"column":9},"end":{"line":8,"column":80}},"3":{"start":{"line":11,"column":6},"end":{"line":15,"column":9}},"4":{"start":{"line":12,"column":9},"end":{"line":14,"column":10}},"5":{"start":{"line":13,"column":12},"end":{"line":13,"column":69}},"6":{"start":{"line":17,"column":6},"end":{"line":17,"column":18}},"7":{"start":{"line":21,"column":32},"end":{"line":21,"column":57}},"8":{"start":{"line":23,"column":6},"end":{"line":23,"column":75}},"9":{"start":{"line":27,"column":32},"end":{"line":27,"column":57}},"10":{"start":{"line":29,"column":6},"end":{"line":29,"column":52}},"11":{"start":{"line":33,"column":37},"end":{"line":33,"column":62}},"12":{"start":{"line":35,"column":6},"end":{"line":35,"column":72}},"13":{"start":{"line":39,"column":31},"end":{"line":39,"column":56}},"14":{"start":{"line":41,"column":6},"end":{"line":41,"column":77}},"15":{"start":{"line":45,"column":0},"end":{"line":45,"column":34}}},"fnMap":{"0":{"name":"(anonymous_0)","decl":{"start":{"line":2,"column":3},"end":{"line":2,"column":4}},"loc":{"start":{"line":2,"column":26},"end":{"line":4,"column":4}},"line":2},"1":{"name":"(anonymous_1)","decl":{"start":{"line":6,"column":3},"end":{"line":6,"column":4}},"loc":{"start":{"line":6,"column":39},"end":{"line":18,"column":4}},"line":6},"2":{"name":"(anonymous_2)","decl":{"start":{"line":11,"column":19},"end":{"line":11,"column":20}},"loc":{"start":{"line":11,"column":28},"end":{"line":15,"column":7}},"line":11},"3":{"name":"(anonymous_3)","decl":{"start":{"line":20,"column":3},"end":{"line":20,"column":4}},"loc":{"start":{"line":20,"column":40},"end":{"line":24,"column":4}},"line":20},"4":{"name":"(anonymous_4)","decl":{"start":{"line":26,"column":3},"end":{"line":26,"column":4}},"loc":{"start":{"line":26,"column":35},"end":{"line":30,"column":4}},"line":26},"5":{"name":"(anonymous_5)","decl":{"start":{"line":32,"column":3},"end":{"line":32,"column":4}},"loc":{"start":{"line":32,"column":39},"end":{"line":36,"column":4}},"line":32},"6":{"name":"(anonymous_6)","decl":{"start":{"line":38,"column":3},"end":{"line":38,"column":4}},"loc":{"start":{"line":38,"column":34},"end":{"line":42,"column":4}},"line":38}},"branchMap":{"0":{"loc":{"start":{"line":7,"column":6},"end":{"line":9,"column":7}},"type":"if","locations":[{"start":{"line":7,"column":6},"end":{"line":9,"column":7}},{"start":{},"end":{}}],"line":7},"1":{"loc":{"start":{"line":12,"column":9},"end":{"line":14,"column":10}},"type":"if","locations":[{"start":{"line":12,"column":9},"end":{"line":14,"column":10}},{"start":{},"end":{}}],"line":12}},"s":{"0":14,"1":32,"2":13,"3":19,"4":29,"5":11,"6":8,"7":8,"8":2,"9":8,"10":2,"11":8,"12":2,"13":8,"14":2,"15":2},"f":{"0":14,"1":32,"2":29,"3":8,"4":8,"5":8,"6":8},"b":{"0":[13,19],"1":[11,18]},"_coverageSchema":"1a1c01bbd47fc00a2c39e90264f33305004495a9","hash":"14d69bfb790d0c9592595690d525f500f80e4629"}
,"D:\\yourCourse\\Dicoding\\Back-End\\expert\\AutomationTesting\\MathApi\\src\\MathBasic.js": {"path":"D:\\yourCourse\\Dicoding\\Back-End\\expert\\AutomationTesting\\MathApi\\src\\MathBasic.js","statementMap":{"0":{"start":{"line":1,"column":18},"end":{"line":56,"column":1}},"1":{"start":{"line":3,"column":6},"end":{"line":5,"column":7}},"2":{"start":{"line":4,"column":9},"end":{"line":4,"column":67}},"3":{"start":{"line":7,"column":23},"end":{"line":7,"column":27}},"4":{"start":{"line":9,"column":6},"end":{"line":11,"column":7}},"5":{"start":{"line":10,"column":9},"end":{"line":10,"column":67}},"6":{"start":{"line":13,"column":6},"end":{"line":13,"column":19}},"7":{"start":{"line":17,"column":6},"end":{"line":19,"column":7}},"8":{"start":{"line":18,"column":9},"end":{"line":18,"column":72}},"9":{"start":{"line":21,"column":23},"end":{"line":21,"column":27}},"10":{"start":{"line":23,"column":6},"end":{"line":25,"column":7}},"11":{"start":{"line":24,"column":9},"end":{"line":24,"column":67}},"12":{"start":{"line":27,"column":6},"end":{"line":27,"column":19}},"13":{"start":{"line":31,"column":6},"end":{"line":33,"column":7}},"14":{"start":{"line":32,"column":9},"end":{"line":32,"column":71}},"15":{"start":{"line":35,"column":23},"end":{"line":35,"column":27}},"16":{"start":{"line":37,"column":6},"end":{"line":39,"column":7}},"17":{"start":{"line":38,"column":9},"end":{"line":38,"column":67}},"18":{"start":{"line":41,"column":6},"end":{"line":41,"column":19}},"19":{"start":{"line":44,"column":6},"end":{"line":46,"column":7}},"20":{"start":{"line":45,"column":9},"end":{"line":45,"column":73}},"21":{"start":{"line":48,"column":23},"end":{"line":48,"column":27}},"22":{"start":{"line":50,"column":6},"end":{"line":52,"column":7}},"23":{"start":{"line":51,"column":9},"end":{"line":51,"column":67}},"24":{"start":{"line":54,"column":6},"end":{"line":54,"column":19}},"25":{"start":{"line":58,"column":0},"end":{"line":58,"column":27}}},"fnMap":{"0":{"name":"(anonymous_0)","decl":{"start":{"line":2,"column":8},"end":{"line":2,"column":9}},"loc":{"start":{"line":2,"column":21},"end":{"line":14,"column":4}},"line":2},"1":{"name":"(anonymous_1)","decl":{"start":{"line":15,"column":14},"end":{"line":15,"column":15}},"loc":{"start":{"line":15,"column":27},"end":{"line":28,"column":4}},"line":15},"2":{"name":"(anonymous_2)","decl":{"start":{"line":29,"column":13},"end":{"line":29,"column":14}},"loc":{"start":{"line":29,"column":26},"end":{"line":42,"column":4}},"line":29},"3":{"name":"(anonymous_3)","decl":{"start":{"line":43,"column":11},"end":{"line":43,"column":12}},"loc":{"start":{"line":43,"column":24},"end":{"line":55,"column":4}},"line":43}},"branchMap":{"0":{"loc":{"start":{"line":3,"column":6},"end":{"line":5,"column":7}},"type":"if","locations":[{"start":{"line":3,"column":6},"end":{"line":5,"column":7}},{"start":{},"end":{}}],"line":3},"1":{"loc":{"start":{"line":9,"column":6},"end":{"line":11,"column":7}},"type":"if","locations":[{"start":{"line":9,"column":6},"end":{"line":11,"column":7}},{"start":{},"end":{}}],"line":9},"2":{"loc":{"start":{"line":9,"column":10},"end":{"line":9,"column":56}},"type":"binary-expr","locations":[{"start":{"line":9,"column":10},"end":{"line":9,"column":31}},{"start":{"line":9,"column":35},"end":{"line":9,"column":56}}],"line":9},"3":{"loc":{"start":{"line":17,"column":6},"end":{"line":19,"column":7}},"type":"if","locations":[{"start":{"line":17,"column":6},"end":{"line":19,"column":7}},{"start":{},"end":{}}],"line":17},"4":{"loc":{"start":{"line":23,"column":6},"end":{"line":25,"column":7}},"type":"if","locations":[{"start":{"line":23,"column":6},"end":{"line":25,"column":7}},{"start":{},"end":{}}],"line":23},"5":{"loc":{"start":{"line":23,"column":10},"end":{"line":23,"column":56}},"type":"binary-expr","locations":[{"start":{"line":23,"column":10},"end":{"line":23,"column":31}},{"start":{"line":23,"column":35},"end":{"line":23,"column":56}}],"line":23},"6":{"loc":{"start":{"line":31,"column":6},"end":{"line":33,"column":7}},"type":"if","locations":[{"start":{"line":31,"column":6},"end":{"line":33,"column":7}},{"start":{},"end":{}}],"line":31},"7":{"loc":{"start":{"line":37,"column":6},"end":{"line":39,"column":7}},"type":"if","locations":[{"start":{"line":37,"column":6},"end":{"line":39,"column":7}},{"start":{},"end":{}}],"line":37},"8":{"loc":{"start":{"line":37,"column":10},"end":{"line":37,"column":56}},"type":"binary-expr","locations":[{"start":{"line":37,"column":10},"end":{"line":37,"column":31}},{"start":{"line":37,"column":35},"end":{"line":37,"column":56}}],"line":37},"9":{"loc":{"start":{"line":44,"column":6},"end":{"line":46,"column":7}},"type":"if","locations":[{"start":{"line":44,"column":6},"end":{"line":46,"column":7}},{"start":{},"end":{}}],"line":44},"10":{"loc":{"start":{"line":50,"column":6},"end":{"line":52,"column":7}},"type":"if","locations":[{"start":{"line":50,"column":6},"end":{"line":52,"column":7}},{"start":{},"end":{}}],"line":50},"11":{"loc":{"start":{"line":50,"column":10},"end":{"line":50,"column":56}},"type":"binary-expr","locations":[{"start":{"line":50,"column":10},"end":{"line":50,"column":31}},{"start":{"line":50,"column":35},"end":{"line":50,"column":56}}],"line":50}},"s":{"0":3,"1":17,"2":4,"3":13,"4":13,"5":3,"6":10,"7":11,"8":4,"9":7,"10":7,"11":3,"12":4,"13":17,"14":4,"15":13,"16":13,"17":3,"18":10,"19":13,"20":4,"21":9,"22":9,"23":3,"24":6,"25":3},"f":{"0":17,"1":11,"2":17,"3":13},"b":{"0":[4,13],"1":[3,10],"2":[13,10],"3":[4,7],"4":[3,4],"5":[7,4],"6":[4,13],"7":[3,10],"8":[13,11],"9":[4,9],"10":[3,6],"11":[9,7]},"_coverageSchema":"1a1c01bbd47fc00a2c39e90264f33305004495a9","hash":"7188216b7ca50c7f32226c9de0e2753f134e1252"}
,"D:\\yourCourse\\Dicoding\\Back-End\\expert\\AutomationTesting\\MathApi\\src\\createServer.js": {"path":"D:\\yourCourse\\Dicoding\\Back-End\\expert\\AutomationTesting\\MathApi\\src\\createServer.js","statementMap":{"0":{"start":{"line":1,"column":13},"end":{"line":1,"column":34}},"1":{"start":{"line":3,"column":21},"end":{"line":109,"column":1}},"2":{"start":{"line":4,"column":18},"end":{"line":7,"column":5}},"3":{"start":{"line":9,"column":3},"end":{"line":106,"column":6}},"4":{"start":{"line":14,"column":29},"end":{"line":14,"column":43}},"5":{"start":{"line":15,"column":26},"end":{"line":15,"column":61}},"6":{"start":{"line":17,"column":12},"end":{"line":19,"column":14}},"7":{"start":{"line":26,"column":29},"end":{"line":26,"column":43}},"8":{"start":{"line":27,"column":26},"end":{"line":27,"column":67}},"9":{"start":{"line":29,"column":12},"end":{"line":31,"column":14}},"10":{"start":{"line":38,"column":29},"end":{"line":38,"column":43}},"11":{"start":{"line":39,"column":26},"end":{"line":39,"column":66}},"12":{"start":{"line":41,"column":12},"end":{"line":43,"column":14}},"13":{"start":{"line":50,"column":29},"end":{"line":50,"column":43}},"14":{"start":{"line":51,"column":26},"end":{"line":51,"column":64}},"15":{"start":{"line":53,"column":12},"end":{"line":55,"column":14}},"16":{"start":{"line":62,"column":38},"end":{"line":62,"column":52}},"17":{"start":{"line":63,"column":26},"end":{"line":63,"column":101}},"18":{"start":{"line":65,"column":12},"end":{"line":67,"column":14}},"19":{"start":{"line":74,"column":38},"end":{"line":74,"column":52}},"20":{"start":{"line":75,"column":26},"end":{"line":75,"column":96}},"21":{"start":{"line":77,"column":12},"end":{"line":79,"column":14}},"22":{"start":{"line":86,"column":43},"end":{"line":86,"column":57}},"23":{"start":{"line":87,"column":26},"end":{"line":87,"column":113}},"24":{"start":{"line":89,"column":12},"end":{"line":91,"column":14}},"25":{"start":{"line":98,"column":37},"end":{"line":98,"column":51}},"26":{"start":{"line":99,"column":26},"end":{"line":99,"column":94}},"27":{"start":{"line":101,"column":12},"end":{"line":103,"column":14}},"28":{"start":{"line":108,"column":3},"end":{"line":108,"column":16}},"29":{"start":{"line":111,"column":0},"end":{"line":111,"column":30}}},"fnMap":{"0":{"name":"(anonymous_0)","decl":{"start":{"line":3,"column":21},"end":{"line":3,"column":22}},"loc":{"start":{"line":3,"column":58},"end":{"line":109,"column":1}},"line":3},"1":{"name":"(anonymous_1)","decl":{"start":{"line":13,"column":18},"end":{"line":13,"column":19}},"loc":{"start":{"line":13,"column":31},"end":{"line":20,"column":10}},"line":13},"2":{"name":"(anonymous_2)","decl":{"start":{"line":25,"column":18},"end":{"line":25,"column":19}},"loc":{"start":{"line":25,"column":31},"end":{"line":32,"column":10}},"line":25},"3":{"name":"(anonymous_3)","decl":{"start":{"line":37,"column":18},"end":{"line":37,"column":19}},"loc":{"start":{"line":37,"column":31},"end":{"line":44,"column":10}},"line":37},"4":{"name":"(anonymous_4)","decl":{"start":{"line":49,"column":18},"end":{"line":49,"column":19}},"loc":{"start":{"line":49,"column":31},"end":{"line":56,"column":10}},"line":49},"5":{"name":"(anonymous_5)","decl":{"start":{"line":61,"column":18},"end":{"line":61,"column":19}},"loc":{"start":{"line":61,"column":31},"end":{"line":68,"column":10}},"line":61},"6":{"name":"(anonymous_6)","decl":{"start":{"line":73,"column":18},"end":{"line":73,"column":19}},"loc":{"start":{"line":73,"column":31},"end":{"line":80,"column":10}},"line":73},"7":{"name":"(anonymous_7)","decl":{"start":{"line":85,"column":18},"end":{"line":85,"column":19}},"loc":{"start":{"line":85,"column":31},"end":{"line":92,"column":10}},"line":85},"8":{"name":"(anonymous_8)","decl":{"start":{"line":97,"column":18},"end":{"line":97,"column":19}},"loc":{"start":{"line":97,"column":31},"end":{"line":104,"column":10}},"line":97}},"branchMap":{},"s":{"0":1,"1":1,"2":8,"3":8,"4":1,"5":1,"6":1,"7":1,"8":1,"9":1,"10":1,"11":1,"12":1,"13":1,"14":1,"15":1,"16":1,"17":1,"18":1,"19":1,"20":1,"21":1,"22":1,"23":1,"24":1,"25":1,"26":1,"27":1,"28":8,"29":1},"f":{"0":8,"1":1,"2":1,"3":1,"4":1,"5":1,"6":1,"7":1,"8":1},"b":{},"_coverageSchema":"1a1c01bbd47fc00a2c39e90264f33305004495a9","hash":"34203058ccd3e9873ee39071e354d0a555fd6e83"}
}
