TN:
SF:src\FigureCalculator.js
FN:2,(anonymous_0)
FN:6,(anonymous_1)
FN:11,(anonymous_2)
FN:20,(anonymous_3)
FN:26,(anonymous_4)
FN:32,(anonymous_5)
FN:38,(anonymous_6)
FNF:7
FNH:7
FNDA:14,(anonymous_0)
FNDA:32,(anonymous_1)
FNDA:29,(anonymous_2)
FNDA:8,(anonymous_3)
FNDA:8,(anonymous_4)
FNDA:8,(anonymous_5)
FNDA:8,(anonymous_6)
DA:3,14
DA:7,32
DA:8,13
DA:11,19
DA:12,29
DA:13,11
DA:17,8
DA:21,8
DA:23,2
DA:27,8
DA:29,2
DA:33,8
DA:35,2
DA:39,8
DA:41,2
DA:45,2
LF:16
LH:16
BRDA:7,0,0,13
BRDA:7,0,1,19
BRDA:12,1,0,11
BRDA:12,1,1,18
BRF:4
BRH:4
end_of_record
TN:
SF:src\MathBasic.js
FN:2,(anonymous_0)
FN:15,(anonymous_1)
FN:29,(anonymous_2)
FN:43,(anonymous_3)
FNF:4
FNH:4
FNDA:17,(anonymous_0)
FNDA:11,(anonymous_1)
FNDA:17,(anonymous_2)
FNDA:13,(anonymous_3)
DA:1,3
DA:3,17
DA:4,4
DA:7,13
DA:9,13
DA:10,3
DA:13,10
DA:17,11
DA:18,4
DA:21,7
DA:23,7
DA:24,3
DA:27,4
DA:31,17
DA:32,4
DA:35,13
DA:37,13
DA:38,3
DA:41,10
DA:44,13
DA:45,4
DA:48,9
DA:50,9
DA:51,3
DA:54,6
DA:58,3
LF:26
LH:26
BRDA:3,0,0,4
BRDA:3,0,1,13
BRDA:9,1,0,3
BRDA:9,1,1,10
BRDA:9,2,0,13
BRDA:9,2,1,10
BRDA:17,3,0,4
BRDA:17,3,1,7
BRDA:23,4,0,3
BRDA:23,4,1,4
BRDA:23,5,0,7
BRDA:23,5,1,4
BRDA:31,6,0,4
BRDA:31,6,1,13
BRDA:37,7,0,3
BRDA:37,7,1,10
BRDA:37,8,0,13
BRDA:37,8,1,11
BRDA:44,9,0,4
BRDA:44,9,1,9
BRDA:50,10,0,3
BRDA:50,10,1,6
BRDA:50,11,0,9
BRDA:50,11,1,7
BRF:24
BRH:24
end_of_record
TN:
SF:src\createServer.js
FN:3,(anonymous_0)
FN:13,(anonymous_1)
FN:25,(anonymous_2)
FN:37,(anonymous_3)
FN:49,(anonymous_4)
FN:61,(anonymous_5)
FN:73,(anonymous_6)
FN:85,(anonymous_7)
FN:97,(anonymous_8)
FNF:9
FNH:9
FNDA:8,(anonymous_0)
FNDA:1,(anonymous_1)
FNDA:1,(anonymous_2)
FNDA:1,(anonymous_3)
FNDA:1,(anonymous_4)
FNDA:1,(anonymous_5)
FNDA:1,(anonymous_6)
FNDA:1,(anonymous_7)
FNDA:1,(anonymous_8)
DA:1,1
DA:3,1
DA:4,8
DA:9,8
DA:14,1
DA:15,1
DA:17,1
DA:26,1
DA:27,1
DA:29,1
DA:38,1
DA:39,1
DA:41,1
DA:50,1
DA:51,1
DA:53,1
DA:62,1
DA:63,1
DA:65,1
DA:74,1
DA:75,1
DA:77,1
DA:86,1
DA:87,1
DA:89,1
DA:98,1
DA:99,1
DA:101,1
DA:108,8
DA:111,1
LF:30
LH:30
BRF:0
BRH:0
end_of_record
