TN:
SF:src\FigureCalculator.js
FN:2,(anonymous_0)
FN:6,(anonymous_1)
FN:11,(anonymous_2)
FN:20,(anonymous_3)
FN:26,(anonymous_4)
FN:32,(anonymous_5)
FN:38,(anonymous_6)
FNF:7
FNH:7
FNDA:13,(anonymous_0)
FNDA:28,(anonymous_1)
FNDA:20,(anonymous_2)
FNDA:7,(anonymous_3)
FNDA:7,(anonymous_4)
FNDA:7,(anonymous_5)
FNDA:7,(anonymous_6)
DA:3,13
DA:7,28
DA:8,13
DA:11,15
DA:12,20
DA:13,11
DA:17,4
DA:21,7
DA:23,1
DA:27,7
DA:29,1
DA:33,7
DA:35,1
DA:39,7
DA:41,1
DA:45,1
LF:16
LH:16
BRDA:7,0,0,13
BRDA:7,0,1,15
BRDA:12,1,0,11
BRDA:12,1,1,9
BRF:4
BRH:4
end_of_record
TN:
SF:src\MathBasic.js
FN:2,(anonymous_0)
FN:15,(anonymous_1)
FN:29,(anonymous_2)
FN:43,(anonymous_3)
FNF:4
FNH:4
FNDA:13,(anonymous_0)
FNDA:10,(anonymous_1)
FNDA:13,(anonymous_2)
FNDA:11,(anonymous_3)
DA:1,2
DA:3,13
DA:4,4
DA:7,9
DA:9,9
DA:10,3
DA:13,6
DA:17,10
DA:18,4
DA:21,6
DA:23,6
DA:24,3
DA:27,3
DA:31,13
DA:32,4
DA:35,9
DA:37,9
DA:38,3
DA:41,6
DA:44,11
DA:45,4
DA:48,7
DA:50,7
DA:51,3
DA:54,4
DA:58,2
LF:26
LH:26
BRDA:3,0,0,4
BRDA:3,0,1,9
BRDA:9,1,0,3
BRDA:9,1,1,6
BRDA:9,2,0,9
BRDA:9,2,1,6
BRDA:17,3,0,4
BRDA:17,3,1,6
BRDA:23,4,0,3
BRDA:23,4,1,3
BRDA:23,5,0,6
BRDA:23,5,1,3
BRDA:31,6,0,4
BRDA:31,6,1,9
BRDA:37,7,0,3
BRDA:37,7,1,6
BRDA:37,8,0,9
BRDA:37,8,1,7
BRDA:44,9,0,4
BRDA:44,9,1,7
BRDA:50,10,0,3
BRDA:50,10,1,4
BRDA:50,11,0,7
BRDA:50,11,1,5
BRF:24
BRH:24
end_of_record
