<?xml version="1.0" encoding="UTF-8"?>
<coverage generated="1676459584199" clover="3.2.0">
  <project timestamp="1676459584200" name="All files">
    <metrics statements="10" coveredstatements="10" conditionals="1" coveredconditionals="0" methods="5" coveredmethods="5" elements="16" coveredelements="15" complexity="0" loc="10" ncloc="10" packages="1" files="2" classes="2"/>
    <file name="Rocket.js" path="D:\yourCourse\Dicoding\Back-End\expert\AutomationTesting\integrationTest\Rocket.js">
      <metrics statements="3" coveredstatements="3" conditionals="0" coveredconditionals="0" methods="1" coveredmethods="1"/>
      <line num="3" count="4" type="stmt"/>
      <line num="4" count="4" type="stmt"/>
      <line num="8" count="1" type="stmt"/>
    </file>
    <file name="RocketLauncher.js" path="D:\yourCourse\Dicoding\Back-End\expert\AutomationTesting\integrationTest\RocketLauncher.js">
      <metrics statements="7" coveredstatements="7" conditionals="1" coveredconditionals="0" methods="4" coveredmethods="4"/>
      <line num="3" count="2" type="stmt"/>
      <line num="7" count="1" type="stmt"/>
      <line num="8" count="2" type="stmt"/>
      <line num="11" count="1" type="stmt"/>
      <line num="15" count="1" type="stmt"/>
      <line num="16" count="1" type="stmt"/>
      <line num="20" count="1" type="stmt"/>
    </file>
  </project>
</coverage>
