{"D:\\yourCourse\\Dicoding\\Back-End\\expert\\AutomationTesting\\integrationTest\\Rocket.js": {"path":"D:\\yourCourse\\Dicoding\\Back-End\\expert\\AutomationTesting\\integrationTest\\Rocket.js","statementMap":{"0":{"start":{"line":3,"column":6},"end":{"line":3,"column":23}},"1":{"start":{"line":4,"column":6},"end":{"line":4,"column":37}},"2":{"start":{"line":8,"column":0},"end":{"line":8,"column":24}}},"fnMap":{"0":{"name":"(anonymous_0)","decl":{"start":{"line":2,"column":3},"end":{"line":2,"column":4}},"loc":{"start":{"line":2,"column":21},"end":{"line":5,"column":4}},"line":2}},"branchMap":{},"s":{"0":4,"1":4,"2":1},"f":{"0":4},"b":{},"_coverageSchema":"1a1c01bbd47fc00a2c39e90264f33305004495a9","hash":"d33a181b0f68864f35b50f033434ae1016ad4ab7"}
,"D:\\yourCourse\\Dicoding\\Back-End\\expert\\AutomationTesting\\integrationTest\\RocketLauncher.js": {"path":"D:\\yourCourse\\Dicoding\\Back-End\\expert\\AutomationTesting\\integrationTest\\RocketLauncher.js","statementMap":{"0":{"start":{"line":3,"column":6},"end":{"line":3,"column":29}},"1":{"start":{"line":7,"column":6},"end":{"line":9,"column":9}},"2":{"start":{"line":8,"column":9},"end":{"line":8,"column":40}},"3":{"start":{"line":11,"column":6},"end":{"line":11,"column":24}},"4":{"start":{"line":15,"column":21},"end":{"line":15,"column":41}},"5":{"start":{"line":16,"column":6},"end":{"line":16,"column":37}},"6":{"start":{"line":20,"column":0},"end":{"line":20,"column":32}}},"fnMap":{"0":{"name":"(anonymous_0)","decl":{"start":{"line":2,"column":3},"end":{"line":2,"column":4}},"loc":{"start":{"line":2,"column":29},"end":{"line":4,"column":4}},"line":2},"1":{"name":"(anonymous_1)","decl":{"start":{"line":6,"column":3},"end":{"line":6,"column":4}},"loc":{"start":{"line":6,"column":22},"end":{"line":12,"column":4}},"line":6},"2":{"name":"(anonymous_2)","decl":{"start":{"line":7,"column":27},"end":{"line":7,"column":28}},"loc":{"start":{"line":7,"column":39},"end":{"line":9,"column":7}},"line":7},"3":{"name":"(anonymous_3)","decl":{"start":{"line":14,"column":3},"end":{"line":14,"column":4}},"loc":{"start":{"line":14,"column":25},"end":{"line":17,"column":4}},"line":14}},"branchMap":{"0":{"loc":{"start":{"line":2,"column":15},"end":{"line":2,"column":27}},"type":"default-arg","locations":[{"start":{"line":2,"column":25},"end":{"line":2,"column":27}}],"line":2}},"s":{"0":2,"1":1,"2":2,"3":1,"4":1,"5":1,"6":1},"f":{"0":2,"1":1,"2":2,"3":1},"b":{"0":[0]},"_coverageSchema":"1a1c01bbd47fc00a2c39e90264f33305004495a9","hash":"a4aaf6c55653f1c225dc92cd1663b9cd515f2df8"}
}
