{"D:\\yourCourse\\Dicoding\\Back-End\\expert\\AutomationTesting\\functionalTesting\\createServer.js": {"path":"D:\\yourCourse\\Dicoding\\Back-End\\expert\\AutomationTesting\\functionalTesting\\createServer.js","statementMap":{"0":{"start":{"line":1,"column":13},"end":{"line":1,"column":34}},"1":{"start":{"line":3,"column":21},"end":{"line":32,"column":1}},"2":{"start":{"line":4,"column":18},"end":{"line":7,"column":5}},"3":{"start":{"line":9,"column":3},"end":{"line":29,"column":6}},"4":{"start":{"line":14,"column":12},"end":{"line":16,"column":14}},"5":{"start":{"line":23,"column":29},"end":{"line":23,"column":43}},"6":{"start":{"line":24,"column":12},"end":{"line":26,"column":14}},"7":{"start":{"line":31,"column":3},"end":{"line":31,"column":17}},"8":{"start":{"line":34,"column":0},"end":{"line":34,"column":30}}},"fnMap":{"0":{"name":"(anonymous_0)","decl":{"start":{"line":3,"column":21},"end":{"line":3,"column":22}},"loc":{"start":{"line":3,"column":27},"end":{"line":32,"column":1}},"line":3},"1":{"name":"(anonymous_1)","decl":{"start":{"line":13,"column":18},"end":{"line":13,"column":19}},"loc":{"start":{"line":13,"column":24},"end":{"line":17,"column":10}},"line":13},"2":{"name":"(anonymous_2)","decl":{"start":{"line":22,"column":18},"end":{"line":22,"column":19}},"loc":{"start":{"line":22,"column":31},"end":{"line":27,"column":10}},"line":22}},"branchMap":{},"s":{"0":1,"1":1,"2":2,"3":2,"4":1,"5":1,"6":1,"7":2,"8":1},"f":{"0":2,"1":1,"2":1},"b":{},"_coverageSchema":"1a1c01bbd47fc00a2c39e90264f33305004495a9","hash":"2557ee4e7cba7cd432a88b68e2288f04c4406b63"}
}
