{"D:\\yourCourse\\Dicoding\\Back-End\\expert\\AUTH-API\\src\\Applications\\security\\PasswordHash.js": {"path":"D:\\yourCourse\\Dicoding\\Back-End\\expert\\AUTH-API\\src\\Applications\\security\\PasswordHash.js","statementMap":{"0":{"start":{"line":3,"column":6},"end":{"line":3,"column":62}},"1":{"start":{"line":7,"column":0},"end":{"line":7,"column":30}}},"fnMap":{"0":{"name":"(anonymous_0)","decl":{"start":{"line":2,"column":3},"end":{"line":2,"column":4}},"loc":{"start":{"line":2,"column":24},"end":{"line":4,"column":4}},"line":2}},"branchMap":{},"s":{"0":1,"1":2},"f":{"0":1},"b":{},"_coverageSchema":"1a1c01bbd47fc00a2c39e90264f33305004495a9","hash":"fb5f2ed47ef81fde504f912091380e7933636dba"}
,"D:\\yourCourse\\Dicoding\\Back-End\\expert\\AUTH-API\\src\\Applications\\use_case\\AddUserUseCase.js": {"path":"D:\\yourCourse\\Dicoding\\Back-End\\expert\\AUTH-API\\src\\Applications\\use_case\\AddUserUseCase.js","statementMap":{"0":{"start":{"line":1,"column":21},"end":{"line":1,"column":73}},"1":{"start":{"line":5,"column":6},"end":{"line":5,"column":45}},"2":{"start":{"line":6,"column":6},"end":{"line":6,"column":40}},"3":{"start":{"line":10,"column":27},"end":{"line":10,"column":59}},"4":{"start":{"line":11,"column":6},"end":{"line":11,"column":83}},"5":{"start":{"line":12,"column":6},"end":{"line":12,"column":83}},"6":{"start":{"line":13,"column":6},"end":{"line":13,"column":57}},"7":{"start":{"line":17,"column":0},"end":{"line":17,"column":29}}},"fnMap":{"0":{"name":"(anonymous_0)","decl":{"start":{"line":4,"column":3},"end":{"line":4,"column":4}},"loc":{"start":{"line":4,"column":49},"end":{"line":7,"column":4}},"line":4},"1":{"name":"(anonymous_1)","decl":{"start":{"line":9,"column":3},"end":{"line":9,"column":4}},"loc":{"start":{"line":9,"column":33},"end":{"line":14,"column":4}},"line":9}},"branchMap":{},"s":{"0":1,"1":1,"2":1,"3":1,"4":1,"5":1,"6":1,"7":1},"f":{"0":1,"1":1},"b":{},"_coverageSchema":"1a1c01bbd47fc00a2c39e90264f33305004495a9","hash":"70072a16f5c183b752f02dbaf03b7daf16701eb9"}
,"D:\\yourCourse\\Dicoding\\Back-End\\expert\\AUTH-API\\src\\Commons\\exceptions\\AuthenticationError.js": {"path":"D:\\yourCourse\\Dicoding\\Back-End\\expert\\AUTH-API\\src\\Commons\\exceptions\\AuthenticationError.js","statementMap":{"0":{"start":{"line":1,"column":20},"end":{"line":1,"column":44}},"1":{"start":{"line":5,"column":6},"end":{"line":5,"column":26}},"2":{"start":{"line":6,"column":6},"end":{"line":6,"column":40}},"3":{"start":{"line":10,"column":0},"end":{"line":10,"column":37}}},"fnMap":{"0":{"name":"(anonymous_0)","decl":{"start":{"line":4,"column":3},"end":{"line":4,"column":4}},"loc":{"start":{"line":4,"column":24},"end":{"line":7,"column":4}},"line":4}},"branchMap":{},"s":{"0":1,"1":1,"2":1,"3":1},"f":{"0":1},"b":{},"_coverageSchema":"1a1c01bbd47fc00a2c39e90264f33305004495a9","hash":"3233abe211b837fc1d25afc2845d91a4954f01f6"}
,"D:\\yourCourse\\Dicoding\\Back-End\\expert\\AUTH-API\\src\\Commons\\exceptions\\ClientError.js": {"path":"D:\\yourCourse\\Dicoding\\Back-End\\expert\\AUTH-API\\src\\Commons\\exceptions\\ClientError.js","statementMap":{"0":{"start":{"line":3,"column":6},"end":{"line":3,"column":21}},"1":{"start":{"line":5,"column":6},"end":{"line":7,"column":7}},"2":{"start":{"line":6,"column":9},"end":{"line":6,"column":62}},"3":{"start":{"line":9,"column":6},"end":{"line":9,"column":35}},"4":{"start":{"line":10,"column":6},"end":{"line":10,"column":32}},"5":{"start":{"line":14,"column":0},"end":{"line":14,"column":29}}},"fnMap":{"0":{"name":"(anonymous_0)","decl":{"start":{"line":2,"column":3},"end":{"line":2,"column":4}},"loc":{"start":{"line":2,"column":42},"end":{"line":11,"column":4}},"line":2}},"branchMap":{"0":{"loc":{"start":{"line":2,"column":24},"end":{"line":2,"column":40}},"type":"default-arg","locations":[{"start":{"line":2,"column":37},"end":{"line":2,"column":40}}],"line":2},"1":{"loc":{"start":{"line":5,"column":6},"end":{"line":7,"column":7}},"type":"if","locations":[{"start":{"line":5,"column":6},"end":{"line":7,"column":7}},{"start":{},"end":{}}],"line":5}},"s":{"0":4,"1":4,"2":1,"3":3,"4":3,"5":4},"f":{"0":4},"b":{"0":[2],"1":[1,3]},"_coverageSchema":"1a1c01bbd47fc00a2c39e90264f33305004495a9","hash":"3aec2919bc4fdbe4db0fe890708a05679a6e3c3a"}
,"D:\\yourCourse\\Dicoding\\Back-End\\expert\\AUTH-API\\src\\Commons\\exceptions\\InvariantError.js": {"path":"D:\\yourCourse\\Dicoding\\Back-End\\expert\\AUTH-API\\src\\Commons\\exceptions\\InvariantError.js","statementMap":{"0":{"start":{"line":1,"column":20},"end":{"line":1,"column":44}},"1":{"start":{"line":5,"column":6},"end":{"line":5,"column":21}},"2":{"start":{"line":6,"column":6},"end":{"line":6,"column":35}},"3":{"start":{"line":10,"column":0},"end":{"line":10,"column":32}}},"fnMap":{"0":{"name":"(anonymous_0)","decl":{"start":{"line":4,"column":3},"end":{"line":4,"column":4}},"loc":{"start":{"line":4,"column":24},"end":{"line":7,"column":4}},"line":4}},"branchMap":{},"s":{"0":1,"1":1,"2":1,"3":1},"f":{"0":1},"b":{},"_coverageSchema":"1a1c01bbd47fc00a2c39e90264f33305004495a9","hash":"bc629c02c9dc7a28ac354ff31e8bb4557102e787"}
,"D:\\yourCourse\\Dicoding\\Back-End\\expert\\AUTH-API\\src\\Commons\\exceptions\\NotFoundError.js": {"path":"D:\\yourCourse\\Dicoding\\Back-End\\expert\\AUTH-API\\src\\Commons\\exceptions\\NotFoundError.js","statementMap":{"0":{"start":{"line":1,"column":20},"end":{"line":1,"column":44}},"1":{"start":{"line":5,"column":6},"end":{"line":5,"column":26}},"2":{"start":{"line":6,"column":6},"end":{"line":6,"column":34}},"3":{"start":{"line":10,"column":0},"end":{"line":10,"column":31}}},"fnMap":{"0":{"name":"(anonymous_0)","decl":{"start":{"line":4,"column":3},"end":{"line":4,"column":4}},"loc":{"start":{"line":4,"column":24},"end":{"line":7,"column":4}},"line":4}},"branchMap":{},"s":{"0":1,"1":1,"2":1,"3":1},"f":{"0":1},"b":{},"_coverageSchema":"1a1c01bbd47fc00a2c39e90264f33305004495a9","hash":"017c3643984a3940ad44e8005c176558ba042711"}
,"D:\\yourCourse\\Dicoding\\Back-End\\expert\\AUTH-API\\src\\Domains\\users\\UserRepository.js": {"path":"D:\\yourCourse\\Dicoding\\Back-End\\expert\\AUTH-API\\src\\Domains\\users\\UserRepository.js","statementMap":{"0":{"start":{"line":3,"column":6},"end":{"line":3,"column":64}},"1":{"start":{"line":7,"column":6},"end":{"line":7,"column":64}},"2":{"start":{"line":11,"column":0},"end":{"line":11,"column":32}}},"fnMap":{"0":{"name":"(anonymous_0)","decl":{"start":{"line":2,"column":3},"end":{"line":2,"column":4}},"loc":{"start":{"line":2,"column":33},"end":{"line":4,"column":4}},"line":2},"1":{"name":"(anonymous_1)","decl":{"start":{"line":6,"column":3},"end":{"line":6,"column":4}},"loc":{"start":{"line":6,"column":43},"end":{"line":8,"column":4}},"line":6}},"branchMap":{},"s":{"0":1,"1":1,"2":2},"f":{"0":1,"1":1},"b":{},"_coverageSchema":"1a1c01bbd47fc00a2c39e90264f33305004495a9","hash":"e179b58ab042d95e9e9c60ff21e18add77c16da0"}
,"D:\\yourCourse\\Dicoding\\Back-End\\expert\\AUTH-API\\src\\Domains\\users\\entities\\RegisterUser.js": {"path":"D:\\yourCourse\\Dicoding\\Back-End\\expert\\AUTH-API\\src\\Domains\\users\\entities\\RegisterUser.js","statementMap":{"0":{"start":{"line":3,"column":6},"end":{"line":3,"column":35}},"1":{"start":{"line":5,"column":47},"end":{"line":5,"column":54}},"2":{"start":{"line":6,"column":6},"end":{"line":6,"column":31}},"3":{"start":{"line":7,"column":6},"end":{"line":7,"column":31}},"4":{"start":{"line":8,"column":6},"end":{"line":8,"column":31}},"5":{"start":{"line":12,"column":6},"end":{"line":14,"column":7}},"6":{"start":{"line":13,"column":9},"end":{"line":13,"column":70}},"7":{"start":{"line":16,"column":6},"end":{"line":18,"column":7}},"8":{"start":{"line":17,"column":9},"end":{"line":17,"column":75}},"9":{"start":{"line":20,"column":6},"end":{"line":22,"column":8}},"10":{"start":{"line":21,"column":9},"end":{"line":21,"column":80}},"11":{"start":{"line":24,"column":6},"end":{"line":26,"column":7}},"12":{"start":{"line":25,"column":9},"end":{"line":25,"column":62}},"13":{"start":{"line":30,"column":0},"end":{"line":30,"column":30}}},"fnMap":{"0":{"name":"(anonymous_0)","decl":{"start":{"line":2,"column":3},"end":{"line":2,"column":4}},"loc":{"start":{"line":2,"column":24},"end":{"line":9,"column":4}},"line":2},"1":{"name":"(anonymous_1)","decl":{"start":{"line":11,"column":3},"end":{"line":11,"column":4}},"loc":{"start":{"line":11,"column":51},"end":{"line":27,"column":4}},"line":11}},"branchMap":{"0":{"loc":{"start":{"line":12,"column":6},"end":{"line":14,"column":7}},"type":"if","locations":[{"start":{"line":12,"column":6},"end":{"line":14,"column":7}},{"start":{},"end":{}}],"line":12},"1":{"loc":{"start":{"line":12,"column":10},"end":{"line":12,"column":45}},"type":"binary-expr","locations":[{"start":{"line":12,"column":10},"end":{"line":12,"column":19}},{"start":{"line":12,"column":23},"end":{"line":12,"column":32}},{"start":{"line":12,"column":36},"end":{"line":12,"column":45}}],"line":12},"2":{"loc":{"start":{"line":16,"column":6},"end":{"line":18,"column":7}},"type":"if","locations":[{"start":{"line":16,"column":6},"end":{"line":18,"column":7}},{"start":{},"end":{}}],"line":16},"3":{"loc":{"start":{"line":16,"column":11},"end":{"line":16,"column":103}},"type":"binary-expr","locations":[{"start":{"line":16,"column":11},"end":{"line":16,"column":39}},{"start":{"line":16,"column":43},"end":{"line":16,"column":71}},{"start":{"line":16,"column":75},"end":{"line":16,"column":103}}],"line":16},"4":{"loc":{"start":{"line":20,"column":6},"end":{"line":22,"column":8}},"type":"if","locations":[{"start":{"line":20,"column":6},"end":{"line":22,"column":8}},{"start":{},"end":{}}],"line":20},"5":{"loc":{"start":{"line":24,"column":6},"end":{"line":26,"column":7}},"type":"if","locations":[{"start":{"line":24,"column":6},"end":{"line":26,"column":7}},{"start":{},"end":{}}],"line":24}},"s":{"0":7,"1":3,"2":3,"3":3,"4":3,"5":7,"6":1,"7":6,"8":1,"9":5,"10":1,"11":4,"12":1,"13":2},"f":{"0":7,"1":7},"b":{"0":[1,6],"1":[7,7,7],"2":[1,5],"3":[6,5,5],"4":[1,4],"5":[1,3]},"_coverageSchema":"1a1c01bbd47fc00a2c39e90264f33305004495a9","hash":"80e6024935470e8cb0ad5e338c45c4904915695c"}
,"D:\\yourCourse\\Dicoding\\Back-End\\expert\\AUTH-API\\src\\Domains\\users\\entities\\RegiteredUser.js": {"path":"D:\\yourCourse\\Dicoding\\Back-End\\expert\\AUTH-API\\src\\Domains\\users\\entities\\RegiteredUser.js","statementMap":{"0":{"start":{"line":3,"column":6},"end":{"line":3,"column":35}},"1":{"start":{"line":5,"column":41},"end":{"line":5,"column":48}},"2":{"start":{"line":6,"column":6},"end":{"line":6,"column":19}},"3":{"start":{"line":7,"column":6},"end":{"line":7,"column":31}},"4":{"start":{"line":8,"column":6},"end":{"line":8,"column":31}},"5":{"start":{"line":12,"column":6},"end":{"line":14,"column":7}},"6":{"start":{"line":13,"column":9},"end":{"line":13,"column":72}},"7":{"start":{"line":16,"column":6},"end":{"line":18,"column":7}},"8":{"start":{"line":17,"column":9},"end":{"line":17,"column":76}},"9":{"start":{"line":22,"column":0},"end":{"line":22,"column":32}}},"fnMap":{"0":{"name":"(anonymous_0)","decl":{"start":{"line":2,"column":3},"end":{"line":2,"column":4}},"loc":{"start":{"line":2,"column":24},"end":{"line":9,"column":4}},"line":2},"1":{"name":"(anonymous_1)","decl":{"start":{"line":11,"column":3},"end":{"line":11,"column":4}},"loc":{"start":{"line":11,"column":46},"end":{"line":19,"column":4}},"line":11}},"branchMap":{"0":{"loc":{"start":{"line":12,"column":6},"end":{"line":14,"column":7}},"type":"if","locations":[{"start":{"line":12,"column":6},"end":{"line":14,"column":7}},{"start":{},"end":{}}],"line":12},"1":{"loc":{"start":{"line":12,"column":9},"end":{"line":12,"column":38}},"type":"binary-expr","locations":[{"start":{"line":12,"column":9},"end":{"line":12,"column":12}},{"start":{"line":12,"column":16},"end":{"line":12,"column":25}},{"start":{"line":12,"column":29},"end":{"line":12,"column":38}}],"line":12},"2":{"loc":{"start":{"line":16,"column":6},"end":{"line":18,"column":7}},"type":"if","locations":[{"start":{"line":16,"column":6},"end":{"line":18,"column":7}},{"start":{},"end":{}}],"line":16},"3":{"loc":{"start":{"line":16,"column":10},"end":{"line":16,"column":96}},"type":"binary-expr","locations":[{"start":{"line":16,"column":10},"end":{"line":16,"column":32}},{"start":{"line":16,"column":36},"end":{"line":16,"column":64}},{"start":{"line":16,"column":68},"end":{"line":16,"column":96}}],"line":16}},"s":{"0":4,"1":2,"2":2,"3":2,"4":2,"5":4,"6":1,"7":3,"8":1,"9":2},"f":{"0":4,"1":4},"b":{"0":[1,3],"1":[4,3,3],"2":[1,2],"3":[3,2,2]},"_coverageSchema":"1a1c01bbd47fc00a2c39e90264f33305004495a9","hash":"0a3bd9c0a8d83730d85a910f789bba40c79d771d"}
}
