TN:
SF:src\Applications\security\PasswordHash.js
FN:2,(anonymous_0)
FNF:1
FNH:1
FNDA:1,(anonymous_0)
DA:3,1
DA:7,3
LF:2
LH:2
BRF:0
BRH:0
end_of_record
TN:
SF:src\Applications\use_case\AddUserUseCase.js
FN:4,(anonymous_0)
FN:9,(anonymous_1)
FNF:2
FNH:2
FNDA:1,(anonymous_0)
FNDA:1,(anonymous_1)
DA:1,1
DA:5,1
DA:6,1
DA:10,1
DA:11,1
DA:12,1
DA:13,1
DA:17,1
LF:8
LH:8
BRF:0
BRH:0
end_of_record
TN:
SF:src\Commons\exceptions\AuthenticationError.js
FN:4,(anonymous_0)
FNF:1
FNH:1
FNDA:1,(anonymous_0)
DA:1,1
DA:5,1
DA:6,1
DA:10,1
LF:4
LH:4
BRF:0
BRH:0
end_of_record
TN:
SF:src\Commons\exceptions\ClientError.js
FN:2,(anonymous_0)
FNF:1
FNH:1
FNDA:5,(anonymous_0)
DA:3,5
DA:5,5
DA:6,1
DA:9,4
DA:10,4
DA:14,5
LF:6
LH:6
BRDA:2,0,0,3
BRDA:5,1,0,1
BRDA:5,1,1,4
BRF:3
BRH:3
end_of_record
TN:
SF:src\Commons\exceptions\InvariantError.js
FN:4,(anonymous_0)
FNF:1
FNH:1
FNDA:2,(anonymous_0)
DA:1,2
DA:5,2
DA:6,2
DA:10,2
LF:4
LH:4
BRF:0
BRH:0
end_of_record
TN:
SF:src\Commons\exceptions\NotFoundError.js
FN:4,(anonymous_0)
FNF:1
FNH:1
FNDA:1,(anonymous_0)
DA:1,1
DA:5,1
DA:6,1
DA:10,1
LF:4
LH:4
BRF:0
BRH:0
end_of_record
TN:
SF:src\Domains\users\UserRepository.js
FN:2,(anonymous_0)
FN:6,(anonymous_1)
FNF:2
FNH:2
FNDA:1,(anonymous_0)
FNDA:1,(anonymous_1)
DA:3,1
DA:7,1
DA:11,3
LF:3
LH:3
BRF:0
BRH:0
end_of_record
TN:
SF:src\Domains\users\entities\RegisterUser.js
FN:2,(anonymous_0)
FN:11,(anonymous_1)
FNF:2
FNH:2
FNDA:9,(anonymous_0)
FNDA:9,(anonymous_1)
DA:3,9
DA:5,5
DA:6,5
DA:7,5
DA:8,5
DA:12,9
DA:13,1
DA:16,8
DA:17,1
DA:20,7
DA:21,1
DA:24,6
DA:25,1
DA:30,3
LF:14
LH:14
BRDA:12,0,0,1
BRDA:12,0,1,8
BRDA:12,1,0,9
BRDA:12,1,1,9
BRDA:12,1,2,9
BRDA:16,2,0,1
BRDA:16,2,1,7
BRDA:16,3,0,8
BRDA:16,3,1,7
BRDA:16,3,2,7
BRDA:20,4,0,1
BRDA:20,4,1,6
BRDA:24,5,0,1
BRDA:24,5,1,5
BRF:14
BRH:14
end_of_record
TN:
SF:src\Domains\users\entities\RegiteredUser.js
FN:2,(anonymous_0)
FN:11,(anonymous_1)
FNF:2
FNH:2
FNDA:7,(anonymous_0)
FNDA:7,(anonymous_1)
DA:3,7
DA:5,5
DA:6,5
DA:7,5
DA:8,5
DA:12,7
DA:13,1
DA:16,6
DA:17,1
DA:22,3
LF:10
LH:10
BRDA:12,0,0,1
BRDA:12,0,1,6
BRDA:12,1,0,7
BRDA:12,1,1,6
BRDA:12,1,2,6
BRDA:16,2,0,1
BRDA:16,2,1,5
BRDA:16,3,0,6
BRDA:16,3,1,5
BRDA:16,3,2,5
BRF:10
BRH:10
end_of_record
TN:
SF:src\Infrastructures\repository\UserRepositoryPostgres.js
FN:6,(anonymous_0)
FN:12,(anonymous_1)
FN:25,(anonymous_2)
FNF:3
FNH:3
FNDA:4,(anonymous_0)
FNDA:2,(anonymous_1)
FNDA:2,(anonymous_2)
DA:1,1
DA:2,1
DA:3,1
DA:7,4
DA:8,4
DA:9,4
DA:13,2
DA:18,2
DA:20,2
DA:21,1
DA:26,2
DA:28,2
DA:30,2
DA:35,2
DA:37,2
DA:41,1
LF:16
LH:16
BRDA:20,0,0,1
BRDA:20,0,1,1
BRF:2
BRH:2
end_of_record
TN:
SF:src\Infrastructures\security\BcryptPasswordHash.js
FN:4,(anonymous_0)
FN:10,(anonymous_1)
FNF:2
FNH:2
FNDA:1,(anonymous_0)
FNDA:1,(anonymous_1)
DA:1,1
DA:5,1
DA:6,1
DA:7,1
DA:11,1
DA:15,1
LF:6
LH:6
BRDA:4,0,0,1
BRF:1
BRH:1
end_of_record
TN:
SF:tests\UsersTableTestHelper.js
FN:4,(anonymous_0)
FN:13,(anonymous_1)
FN:24,(anonymous_2)
FNF:3
FNH:3
FNDA:1,(anonymous_0)
FNDA:1,(anonymous_1)
FNDA:4,(anonymous_2)
DA:1,1
DA:3,1
DA:5,1
DA:10,1
DA:14,1
DA:19,1
DA:21,1
DA:25,4
DA:29,1
LF:9
LH:9
BRDA:4,0,0,1
BRDA:4,1,0,0
BRDA:4,2,0,1
BRDA:4,3,0,1
BRF:4
BRH:3
end_of_record
